\BOOKMARK [0][-]{chapter.1}{\376\377\000L\000i\000n\000k\000e\000d\000\040\000D\000a\000t\000a}{}% 1
\BOOKMARK [1][-]{section.1.1}{\376\377\000R\000e\000s\000o\000u\000r\000c\000e\000\040\000D\000e\000s\000c\000r\000i\000p\000t\000i\000o\000n\000\040\000F\000r\000a\000m\000e\000w\000o\000r\000k}{chapter.1}% 2
\BOOKMARK [1][-]{section.1.2}{\376\377\000L\000i\000n\000k\000e\000d\000\040\000O\000p\000e\000n\000\040\000D\000a\000t\000a}{chapter.1}% 3
\BOOKMARK [0][-]{chapter.2}{\376\377\000D\000a\000t\000a\000\040\000C\000u\000b\000e\000s}{}% 4
\BOOKMARK [1][-]{section.2.1}{\376\377\000T\000h\000e\000\040\000D\000a\000t\000a\000\040\000C\000u\000b\000e\000\040\000V\000o\000c\000a\000b\000u\000l\000a\000r\000y}{chapter.2}% 5
\BOOKMARK [0][-]{chapter.3}{\376\377\000A\000s\000s\000o\000c\000i\000a\000t\000i\000o\000n\000\040\000R\000u\000l\000e\000s}{}% 6
\BOOKMARK [0][-]{chapter.4}{\376\377\000A\000M\000I\000E\000\040\000A\000l\000g\000o\000r\000i\000t\000h\000m\000\040\000a\000n\000d\000\040\000I\000t\000s\000\040\000D\000e\000r\000i\000v\000a\000t\000i\000v\000e\000s}{}% 7
\BOOKMARK [1][-]{section.4.1}{\376\377\000A\000M\000I\000E}{chapter.4}% 8
\BOOKMARK [2][-]{subsection.4.1.1}{\376\377\000L\000a\000n\000g\000u\000a\000g\000e\000\040\000B\000i\000a\000s}{section.4.1}% 9
\BOOKMARK [2][-]{subsection.4.1.2}{\376\377\000M\000e\000a\000s\000u\000r\000e\000s\000\040\000o\000f\000\040\000S\000i\000g\000n\000i\000f\000i\000c\000a\000n\000c\000e}{section.4.1}% 10
\BOOKMARK [2][-]{subsection.4.1.3}{\376\377\000C\000o\000n\000f\000i\000d\000e\000n\000c\000e\000\040\000M\000e\000a\000s\000u\000r\000e\000s}{section.4.1}% 11
\BOOKMARK [2][-]{subsection.4.1.4}{\376\377\000A\000l\000g\000o\000r\000i\000t\000h\000m}{section.4.1}% 12
\BOOKMARK [2][-]{subsection.4.1.5}{\376\377\000R\000u\000l\000e\000\040\000R\000e\000f\000i\000n\000e\000m\000e\000n\000t}{section.4.1}% 13
\BOOKMARK [2][-]{subsection.4.1.6}{\376\377\000Q\000u\000e\000r\000y\000i\000n\000g\000\040\000t\000h\000e\000\040\000G\000r\000a\000p\000h}{section.4.1}% 14
\BOOKMARK [1][-]{section.4.2}{\376\377\000A\000M\000I\000E\000+}{chapter.4}% 15
\BOOKMARK [2][-]{subsection.4.2.1}{\376\377\000R\000u\000l\000e\000\040\000R\000e\000f\000i\000n\000e\000m\000e\000n\000t}{section.4.2}% 16
\BOOKMARK [2][-]{subsection.4.2.2}{\376\377\000S\000p\000e\000e\000d\000i\000n\000g\000\040\000U\000p\000\040\000C\000o\000n\000f\000i\000d\000e\000n\000c\000e\000\040\000E\000v\000a\000l\000u\000a\000t\000i\000o\000n}{section.4.2}% 17
\BOOKMARK [1][-]{section.4.3}{\376\377\000R\000D\000F\000R\000u\000l\000e\000s}{chapter.4}% 18
\BOOKMARK [2][-]{subsection.4.3.1}{\376\377\000P\000r\000o\000c\000e\000s\000s\000i\000n\000g\000\040\000o\000f\000\040\000N\000u\000m\000e\000r\000i\000c\000a\000l\000\040\000A\000t\000t\000r\000i\000b\000u\000t\000e\000s}{section.4.3}% 19
\BOOKMARK [2][-]{subsection.4.3.2}{\376\377\000M\000u\000l\000t\000i\000p\000l\000e\000\040\000G\000r\000a\000p\000h\000s}{section.4.3}% 20
\BOOKMARK [2][-]{subsection.4.3.3}{\376\377\000I\000m\000p\000r\000o\000v\000e\000m\000e\000n\000t\000s\000\040\000t\000o\000\040\000E\000x\000p\000r\000e\000s\000s\000i\000v\000e\000n\000e\000s\000\040\000o\000f\000\040\000R\000u\000l\000e\000\040\000P\000a\000t\000t\000e\000r\000n\000s}{section.4.3}% 21
\BOOKMARK [2][-]{subsection.4.3.4}{\376\377\000T\000o\000p\000-\000k\000\040\000A\000p\000p\000r\000o\000a\000c\000h}{section.4.3}% 22
\BOOKMARK [2][-]{subsection.4.3.5}{\376\377\000S\000u\000p\000p\000o\000r\000t\000\040\000f\000o\000r\000\040\000t\000h\000e\000\040\000L\000i\000f\000t\000\040\000M\000e\000a\000s\000u\000r\000e}{section.4.3}% 23
\BOOKMARK [2][-]{subsection.4.3.6}{\376\377\000R\000u\000l\000e\000\040\000C\000l\000u\000s\000t\000e\000r\000i\000n\000g\000\040\000a\000n\000d\000\040\000P\000r\000u\000n\000i\000n\000g}{section.4.3}% 24
\BOOKMARK [0][-]{chapter.5}{\376\377\000R\000D\000F\000R\000u\000l\000e\000s\000\040\000R\000e\000f\000e\000r\000e\000n\000c\000e\000\040\000I\000m\000p\000l\000e\000m\000e\000n\000t\000a\000t\000i\000o\000n}{}% 25
\BOOKMARK [1][-]{section.5.1}{\376\377\000I\000n\000t\000e\000r\000f\000a\000c\000e\000s}{chapter.5}% 26
\BOOKMARK [1][-]{section.5.2}{\376\377\000D\000a\000t\000a\000\040\000S\000t\000r\000u\000c\000t\000u\000r\000e\000s}{chapter.5}% 27
\BOOKMARK [0][-]{chapter.6}{\376\377\000L\000e\000v\000e\000r\000a\000g\000i\000n\000g\000\040\000a\000\040\000C\000o\000m\000b\000i\000n\000a\000t\000i\000o\000n\000\040\000o\000f\000\040\000O\000L\000A\000P\000\040\000C\000u\000b\000e\000s\000\040\000a\000n\000d\000\040\000K\000n\000o\000w\000l\000e\000d\000g\000e\000\040\000G\000r\000a\000p\000h\000s}{}% 28
\BOOKMARK [1][-]{section.6.1}{\376\377\000M\000i\000n\000i\000n\000g\000\040\000f\000r\000o\000m\000\040\000R\000D\000F\000\040\000r\000e\000p\000r\000e\000s\000e\000n\000t\000a\000t\000i\000o\000n\000\040\000o\000f\000\040\000D\000a\000t\000a\000\040\000C\000u\000b\000e}{chapter.6}% 29
\BOOKMARK [2][-]{subsection.6.1.1}{\376\377\000R\000u\000l\000e\000s\000'\000s\000\040\000B\000i\000a\000s}{section.6.1}% 30
\BOOKMARK [2][-]{subsection.6.1.2}{\376\377\000C\000o\000m\000m\000e\000n\000s\000u\000r\000a\000b\000i\000l\000i\000t\000y}{section.6.1}% 31
\BOOKMARK [1][-]{section.6.2}{\376\377\000A\000p\000p\000e\000n\000d\000i\000n\000g\000\040\000R\000D\000F\000\040\000D\000a\000t\000a\000\040\000t\000o\000\040\000t\000h\000e\000\040\000D\000a\000t\000a\000\040\000C\000u\000b\000e\000s}{chapter.6}% 32
\BOOKMARK [1][-]{section.6.3}{\376\377\000F\000i\000n\000d\000i\000n\000g\000\040\000R\000u\000l\000e\000s\000\040\000C\000o\000n\000c\000e\000r\000n\000i\000n\000g\000\040\000M\000u\000l\000t\000i\000p\000l\000e\000\040\000C\000u\000b\000e\000s}{chapter.6}% 33
\BOOKMARK [2][-]{subsection.6.3.1}{\376\377\000N\000o\000t\000e\000\040\000t\000o\000\040\000t\000h\000e\000\040\000R\000u\000l\000e\000\040\000A\000t\000o\000m\000s\000\040\000O\000r\000d\000e\000r}{section.6.3}% 34
\BOOKMARK [0][-]{chapter.7}{\376\377\000E\000x\000p\000e\000r\000i\000m\000e\000n\000t}{}% 35
\BOOKMARK [1][-]{section.7.1}{\376\377\000C\000z\000e\000c\000h\000\040\000S\000o\000c\000i\000a\000l\000\040\000S\000e\000c\000u\000r\000i\000t\000y\000\040\000A\000d\000m\000i\000n\000i\000s\000t\000r\000a\000t\000i\000o\000n\000'\000s\000\040\000D\000a\000t\000a\000\040\000C\000u\000b\000e\000s}{chapter.7}% 36
\BOOKMARK [1][-]{section.7.2}{\376\377\000C\000z\000e\000c\000h\000\040\000S\000t\000a\000t\000i\000s\000t\000i\000c\000a\000l\000\040\000O\000f\000f\000i\000c\000e\000'\000s\000\040\000D\000a\000t\000a\000\040\000C\000u\000b\000e\000s}{chapter.7}% 37
\BOOKMARK [1][-]{section.7.3}{\376\377\000W\000i\000k\000i\000d\000a\000t\000a}{chapter.7}% 38
\BOOKMARK [1][-]{section.7.4}{\376\377\000Y\000A\000G\000O\000\040\000T\000r\000i\000p\000l\000e\000s}{chapter.7}% 39
\BOOKMARK [1][-]{section.7.5}{\376\377\000F\000i\000l\000t\000e\000r\000i\000n\000g\000\040\000t\000h\000e\000\040\000O\000b\000s\000e\000r\000v\000a\000t\000i\000o\000n\000s}{chapter.7}% 40
\BOOKMARK [1][-]{section.7.6}{\376\377\000S\000l\000i\000c\000i\000n\000g\000\040\000t\000h\000e\000\040\000C\000u\000b\000e\000s}{chapter.7}% 41
\BOOKMARK [1][-]{section.7.7}{\376\377\000L\000i\000n\000k\000i\000n\000g}{chapter.7}% 42
\BOOKMARK [2][-]{subsection.7.7.1}{\376\377\000S\000e\000x\000\040\000D\000i\000m\000e\000n\000s\000i\000o\000n\000\040\000V\000a\000l\000u\000e\000s}{section.7.7}% 43
\BOOKMARK [2][-]{subsection.7.7.2}{\376\377\000R\000e\000f\000e\000r\000e\000n\000c\000e\000\040\000P\000e\000r\000i\000o\000d\000s}{section.7.7}% 44
\BOOKMARK [2][-]{subsection.7.7.3}{\376\377\000R\000e\000f\000e\000r\000e\000n\000c\000e\000\040\000A\000r\000e\000a\000s}{section.7.7}% 45
\BOOKMARK [1][-]{section.7.8}{\376\377\000D\000i\000s\000c\000r\000e\000t\000i\000z\000a\000t\000i\000o\000n}{chapter.7}% 46
\BOOKMARK [1][-]{section.7.9}{\376\377\000M\000i\000n\000i\000n\000g\000\040\000T\000a\000s\000k\000s}{chapter.7}% 47
\BOOKMARK [2][-]{subsection.7.9.1}{\376\377\000R\000e\000l\000a\000t\000i\000o\000n\000\040\000b\000e\000t\000w\000e\000e\000n\000\040\000t\000h\000e\000\040\000p\000e\000n\000s\000i\000o\000n\000\040\000e\000x\000p\000e\000n\000s\000e\000s\000\040\000a\000n\000d\000\040\000t\000h\000e\000\040\000p\000o\000l\000i\000c\000i\000t\000a\000l\000\040\000a\000l\000i\000g\000n\000m\000e\000n\000t\000\040\000o\000f\000\040\000t\000h\000e\000\040\000s\000t\000a\000t\000e\000'\000s\000\040\000g\000o\000v\000e\000r\000n\000m\000e\000n\000t}{section.7.9}% 48
\BOOKMARK [2][-]{subsection.7.9.2}{\376\377\000A\000p\000p\000e\000n\000d\000i\000n\000g\000\040\000t\000h\000e\000\040\000Y\000A\000G\000O\000\040\000D\000a\000t\000a\000\040\000S\000e\000t\000\040\000t\000o\000\040\000t\000h\000e\000\040\000C\000Z\000S\000O\000\040\000D\000a\000t\000a\000\040\000C\000u\000b\000e\000s}{section.7.9}% 49
\BOOKMARK [2][-]{subsection.7.9.3}{\376\377\000R\000e\000l\000a\000t\000i\000o\000n\000\040\000B\000e\000t\000w\000e\000e\000n\000\040\000M\000e\000a\000s\000u\000r\000e\000s\000\040\000f\000r\000o\000m\000\040\000D\000i\000f\000f\000e\000r\000e\000n\000t\000\040\000D\000a\000t\000a\000\040\000C\000u\000b\000e\000s}{section.7.9}% 50
\BOOKMARK [1][-]{section.7.10}{\376\377\000D\000i\000s\000c\000u\000s\000s\000i\000o\000n}{chapter.7}% 51
\BOOKMARK [0][-]{chapter*.49}{\376\377\000C\000o\000n\000c\000l\000u\000s\000i\000o\000n\000s}{}% 52
\BOOKMARK [0][-]{chapter*.50}{\376\377\000L\000i\000s\000t\000\040\000o\000f\000\040\000R\000e\000f\000e\000r\000e\000n\000c\000e\000s}{}% 53
\BOOKMARK [0][-]{appendix.A}{\376\377\000Q\000u\000e\000r\000i\000e\000s\000\040\000a\000n\000d\000\040\000S\000c\000r\000i\000p\000t\000s}{}% 54
